<?xml version="1.0" encoding="UTF-8"?>
<!-- Generated by org.testng.reporters.JUnitXMLReporter -->
<testsuite hostname="L34481WIN" name="Test(failed)" tests="1" failures="1" timestamp="20 Jul 2020 12:18:45 GMT" time="0.097" errors="0">
  <testcase name="test2" time="0.019" classname="com.pega.cdci.TestClass">
    <failure type="java.lang.AssertionError" message="expected [true] but found [false]">
      <![CDATA[java.lang.AssertionError: expected [true] but found [false]
	at com.pega.cdci.TestClass.test2(TestClass.java:28)
... Removed 28 stack frames]]>
    </failure>
  </testcase> <!-- test2 -->
</testsuite> <!-- Test(failed) -->
