<?xml version="1.0" encoding="UTF-8"?>
<testng-results skipped="0" failed="0" total="1" passed="1">
  <reporter-output>
  </reporter-output>
  <suite name="Suite" duration-ms="6713" started-at="2020-07-19T14:59:29Z" finished-at="2020-07-19T14:59:35Z">
    <groups>
    </groups>
    <test name="Test" duration-ms="6713" started-at="2020-07-19T14:59:29Z" finished-at="2020-07-19T14:59:35Z">
      <class name="com.pega.cdci.TestClass">
        <test-method status="PASS" signature="test1()[pri:0, instance:com.pega.cdci.TestClass@53ca01a2]" name="test1" duration-ms="6690" started-at="2020-07-19T20:29:29Z" finished-at="2020-07-19T20:29:35Z">
          <reporter-output>
          </reporter-output>
        </test-method> <!-- test1 -->
      </class> <!-- com.pega.cdci.TestClass -->
    </test> <!-- Test -->
  </suite> <!-- Suite -->
</testng-results>
