<?xml version="1.0" encoding="UTF-8"?>
<testng-results skipped="0" failed="0" total="2" passed="2">
  <reporter-output>
  </reporter-output>
  <suite name="Suite" duration-ms="8136" started-at="2020-07-20T12:24:59Z" finished-at="2020-07-20T12:25:07Z">
    <groups>
    </groups>
    <test name="Test" duration-ms="8136" started-at="2020-07-20T12:24:59Z" finished-at="2020-07-20T12:25:07Z">
      <class name="com.pega.cdci.TestClass">
        <test-method status="PASS" signature="test1()[pri:0, instance:com.pega.cdci.TestClass@53ca01a2]" name="test1" duration-ms="8102" started-at="2020-07-20T17:54:59Z" finished-at="2020-07-20T17:55:07Z">
          <reporter-output>
          </reporter-output>
        </test-method> <!-- test1 -->
        <test-method status="PASS" signature="test2()[pri:0, instance:com.pega.cdci.TestClass@53ca01a2]" name="test2" duration-ms="4" started-at="2020-07-20T17:55:07Z" finished-at="2020-07-20T17:55:07Z">
          <reporter-output>
          </reporter-output>
        </test-method> <!-- test2 -->
      </class> <!-- com.pega.cdci.TestClass -->
    </test> <!-- Test -->
  </suite> <!-- Suite -->
</testng-results>
